TN:
SF:services/databaseService.ts
FN:31,(anonymous_0)
FN:47,(anonymous_1)
FN:66,(anonymous_2)
FN:70,(anonymous_3)
FN:71,(anonymous_4)
FN:85,(anonymous_5)
FN:101,(anonymous_6)
FN:125,(anonymous_7)
FN:141,(anonymous_8)
FN:160,(anonymous_9)
FN:163,(anonymous_10)
FN:183,(anonymous_11)
FN:198,(anonymous_12)
FN:217,(anonymous_13)
FN:221,(anonymous_14)
FN:241,(anonymous_15)
FNF:16
FNH:8
FNDA:1,(anonymous_0)
FNDA:0,(anonymous_1)
FNDA:0,(anonymous_2)
FNDA:0,(anonymous_3)
FNDA:0,(anonymous_4)
FNDA:1,(anonymous_5)
FNDA:1,(anonymous_6)
FNDA:0,(anonymous_7)
FNDA:1,(anonymous_8)
FNDA:1,(anonymous_9)
FNDA:1,(anonymous_10)
FNDA:0,(anonymous_11)
FNDA:1,(anonymous_12)
FNDA:1,(anonymous_13)
FNDA:0,(anonymous_14)
FNDA:0,(anonymous_15)
DA:1,1
DA:24,1
DA:32,1
DA:33,1
DA:35,0
DA:36,0
DA:48,0
DA:49,0
DA:54,0
DA:55,0
DA:67,0
DA:69,0
DA:70,0
DA:71,0
DA:73,0
DA:74,0
DA:86,1
DA:87,1
DA:89,0
DA:90,0
DA:102,1
DA:103,1
DA:104,1
DA:110,1
DA:112,0
DA:113,0
DA:126,0
DA:127,0
DA:129,0
DA:130,0
DA:142,1
DA:143,1
DA:145,0
DA:146,0
DA:161,1
DA:162,1
DA:163,1
DA:168,1
DA:170,0
DA:171,0
DA:184,0
DA:185,0
DA:187,0
DA:188,0
DA:199,1
DA:200,1
DA:202,0
DA:203,0
DA:218,1
DA:220,1
DA:222,0
DA:228,0
DA:229,0
DA:242,0
DA:243,0
DA:248,0
DA:249,0
LF:57
LH:20
BRDA:222,0,0,0
BRDA:222,0,1,0
BRDA:222,0,2,0
BRF:3
BRH:0
end_of_record
TN:
SF:services/geminiService.ts
FN:233,(anonymous_0)
FNF:1
FNH:0
FNDA:0,(anonymous_0)
DA:1,1
DA:2,1
DA:11,1
DA:12,0
DA:20,1
DA:27,1
DA:42,1
DA:54,1
DA:102,1
DA:142,1
DA:197,1
DA:233,1
DA:234,0
DA:235,0
DA:236,0
DA:238,0
DA:248,0
DA:249,0
DA:250,0
DA:251,0
DA:253,0
DA:254,0
LF:22
LH:11
BRDA:11,0,0,0
BRDA:11,0,1,1
BRF:2
BRH:1
end_of_record
TN:
SF:services/geminiServiceOptimized.ts
FN:327,(anonymous_0)
FN:394,(anonymous_1)
FN:421,(anonymous_2)
FN:445,(anonymous_3)
FN:520,(anonymous_4)
FNF:5
FNH:0
FNDA:0,(anonymous_0)
FNDA:0,(anonymous_1)
FNDA:0,(anonymous_2)
FNDA:0,(anonymous_3)
FNDA:0,(anonymous_4)
DA:1,0
DA:2,0
DA:11,0
DA:12,0
DA:20,0
DA:27,0
DA:42,0
DA:53,0
DA:73,0
DA:117,0
DA:153,0
DA:212,0
DA:230,0
DA:248,0
DA:271,0
DA:295,0
DA:327,0
DA:328,0
DA:331,0
DA:334,0
DA:335,0
DA:338,0
DA:340,0
DA:341,0
DA:344,0
DA:345,0
DA:346,0
DA:347,0
DA:350,0
DA:360,0
DA:361,0
DA:362,0
DA:365,0
DA:367,0
DA:369,0
DA:370,0
DA:394,0
DA:395,0
DA:396,0
DA:421,0
DA:422,0
DA:423,0
DA:445,0
DA:446,0
DA:448,0
DA:449,0
DA:452,0
DA:453,0
DA:455,0
DA:467,0
DA:468,0
DA:469,0
DA:472,0
DA:474,0
DA:476,0
DA:478,0
DA:502,0
DA:520,0
DA:521,0
DA:522,0
LF:60
LH:0
BRDA:11,0,0,0
BRDA:11,0,1,0
BRDA:327,1,0,0
BRDA:334,2,0,0
BRDA:334,2,1,0
BRDA:344,3,0,0
BRDA:344,3,1,0
BRDA:421,4,0,0
BRDA:425,5,0,0
BRDA:425,5,1,0
BRDA:448,6,0,0
BRDA:448,6,1,0
BRF:12
BRH:0
end_of_record
TN:
SF:services/mdxExporter.ts
FN:11,(anonymous_0)
FN:24,(anonymous_1)
FN:54,(anonymous_2)
FN:57,(anonymous_3)
FN:60,(anonymous_4)
FN:63,(anonymous_5)
FN:66,(anonymous_6)
FN:78,(anonymous_7)
FN:102,(anonymous_8)
FN:105,(anonymous_9)
FN:108,(anonymous_10)
FN:111,(anonymous_11)
FN:114,(anonymous_12)
FN:117,(anonymous_13)
FN:129,(anonymous_14)
FN:150,(anonymous_15)
FN:153,(anonymous_16)
FN:156,(anonymous_17)
FN:159,(anonymous_18)
FN:162,(anonymous_19)
FN:165,(anonymous_20)
FN:202,(anonymous_21)
FNF:22
FNH:22
FNDA:4,(anonymous_0)
FNDA:2,(anonymous_1)
FNDA:2,(anonymous_2)
FNDA:4,(anonymous_3)
FNDA:4,(anonymous_4)
FNDA:4,(anonymous_5)
FNDA:6,(anonymous_6)
FNDA:1,(anonymous_7)
FNDA:1,(anonymous_8)
FNDA:1,(anonymous_9)
FNDA:2,(anonymous_10)
FNDA:2,(anonymous_11)
FNDA:2,(anonymous_12)
FNDA:3,(anonymous_13)
FNDA:1,(anonymous_14)
FNDA:2,(anonymous_15)
FNDA:2,(anonymous_16)
FNDA:2,(anonymous_17)
FNDA:1,(anonymous_18)
FNDA:1,(anonymous_19)
FNDA:2,(anonymous_20)
FNDA:4,(anonymous_21)
DA:1,1
DA:11,1
DA:12,4
DA:24,2
DA:54,2
DA:57,4
DA:60,4
DA:63,4
DA:66,6
DA:78,1
DA:102,1
DA:105,1
DA:108,2
DA:111,2
DA:114,2
DA:117,3
DA:129,1
DA:150,2
DA:153,2
DA:156,2
DA:159,1
DA:162,1
DA:165,2
DA:202,1
DA:203,4
DA:204,4
DA:205,4
DA:207,4
DA:209,2
DA:210,2
DA:211,2
DA:212,2
DA:215,1
DA:216,1
DA:217,1
DA:218,1
DA:221,1
DA:222,1
DA:223,1
DA:224,1
DA:227,0
DA:228,0
DA:231,4
DA:232,4
DA:233,4
DA:234,4
DA:235,4
DA:236,4
DA:237,4
DA:238,4
DA:239,4
LF:51
LH:49
BRDA:168,0,0,1
BRDA:168,0,1,1
BRDA:169,1,0,1
BRDA:169,1,1,0
BRDA:170,2,0,1
BRDA:170,2,1,1
BRDA:207,3,0,2
BRDA:207,3,1,1
BRDA:207,3,2,1
BRDA:207,3,3,0
BRF:10
BRH:8
end_of_record
TN:
SF:services/migrationService.ts
FN:33,(anonymous_0)
FN:38,(anonymous_1)
FN:60,(anonymous_2)
FN:65,(anonymous_3)
FN:71,(anonymous_4)
FN:94,(anonymous_5)
FN:98,(anonymous_6)
FN:126,(anonymous_7)
FN:162,(anonymous_8)
FN:191,(anonymous_9)
FN:221,(anonymous_10)
FN:255,(anonymous_11)
FNF:12
FNH:0
FNDA:0,(anonymous_0)
FNDA:0,(anonymous_1)
FNDA:0,(anonymous_2)
FNDA:0,(anonymous_3)
FNDA:0,(anonymous_4)
FNDA:0,(anonymous_5)
FNDA:0,(anonymous_6)
FNDA:0,(anonymous_7)
FNDA:0,(anonymous_8)
FNDA:0,(anonymous_9)
FNDA:0,(anonymous_10)
FNDA:0,(anonymous_11)
DA:1,1
DA:33,1
DA:34,0
DA:35,0
DA:38,0
DA:39,0
DA:40,0
DA:44,0
DA:46,0
DA:47,0
DA:60,1
DA:61,0
DA:62,0
DA:65,0
DA:66,0
DA:68,0
DA:71,0
DA:74,0
DA:78,0
DA:80,0
DA:81,0
DA:94,1
DA:95,0
DA:96,0
DA:98,0
DA:99,0
DA:100,0
DA:104,0
DA:106,0
DA:107,0
DA:126,1
DA:127,0
DA:130,0
DA:131,0
DA:134,0
DA:136,0
DA:144,0
DA:162,1
DA:163,0
DA:164,0
DA:167,0
DA:169,0
DA:171,0
DA:172,0
DA:191,1
DA:192,0
DA:193,0
DA:195,0
DA:197,0
DA:198,0
DA:200,0
DA:201,0
DA:221,1
DA:222,0
DA:223,0
DA:226,0
DA:229,0
DA:231,0
DA:233,0
DA:234,0
DA:255,1
DA:256,0
DA:257,0
DA:260,0
DA:261,0
DA:264,0
DA:266,0
DA:267,0
DA:268,0
DA:269,0
DA:273,0
DA:274,0
DA:276,0
DA:277,0
LF:74
LH:9
BRDA:39,0,0,0
BRDA:39,0,1,0
BRDA:66,1,0,0
BRDA:66,1,1,0
BRDA:99,2,0,0
BRDA:99,2,1,0
BRDA:134,3,0,0
BRDA:134,3,1,0
BRDA:267,4,0,0
BRDA:267,4,1,0
BRDA:267,5,0,0
BRDA:267,5,1,0
BRDA:267,5,2,0
BRF:13
BRH:0
end_of_record
TN:
SF:services/pollinationsService.ts
FN:50,(anonymous_0)
FN:121,(anonymous_1)
FN:159,(anonymous_2)
FN:185,(anonymous_3)
FN:217,(anonymous_4)
FN:225,(anonymous_5)
FNF:6
FNH:0
FNDA:0,(anonymous_0)
FNDA:0,(anonymous_1)
FNDA:0,(anonymous_2)
FNDA:0,(anonymous_3)
FNDA:0,(anonymous_4)
FNDA:0,(anonymous_5)
DA:2,0
DA:3,0
DA:6,0
DA:28,0
DA:51,0
DA:53,0
DA:54,0
DA:56,0
DA:58,0
DA:59,0
DA:60,0
DA:63,0
DA:64,0
DA:65,0
DA:68,0
DA:69,0
DA:70,0
DA:73,0
DA:77,0
DA:83,0
DA:84,0
DA:85,0
DA:86,0
DA:88,0
DA:89,0
DA:92,0
DA:93,0
DA:127,0
DA:129,0
DA:136,0
DA:138,0
DA:139,0
DA:160,0
DA:161,0
DA:162,0
DA:164,0
DA:165,0
DA:186,0
DA:187,0
DA:188,0
DA:190,0
DA:191,0
DA:222,0
DA:224,0
DA:225,0
DA:227,0
DA:228,0
DA:229,0
DA:233,0
DA:244,0
DA:247,0
DA:248,0
DA:249,0
DA:252,0
DA:253,0
LF:55
LH:0
BRDA:56,0,0,0
BRDA:56,0,1,0
BRDA:56,0,2,0
BRDA:56,0,3,0
BRDA:123,1,0,0
BRDA:124,2,0,0
BRDA:125,3,0,0
BRDA:220,4,0,0
BRDA:225,5,0,0
BRDA:225,5,1,0
BRDA:227,6,0,0
BRDA:227,6,1,0
BRDA:247,7,0,0
BRDA:247,7,1,0
BRDA:247,8,0,0
BRDA:247,8,1,0
BRF:16
BRH:0
end_of_record
TN:
SF:services/prismaService.ts
FN:53,(anonymous_0)
FN:73,(anonymous_1)
FN:96,(anonymous_2)
FN:119,(anonymous_3)
FN:140,(anonymous_4)
FN:167,(anonymous_5)
FN:196,(anonymous_6)
FN:225,(anonymous_7)
FN:244,(anonymous_8)
FN:262,(anonymous_9)
FN:299,(anonymous_10)
FN:325,(anonymous_11)
FNF:12
FNH:12
FNDA:2,(anonymous_0)
FNDA:2,(anonymous_1)
FNDA:2,(anonymous_2)
FNDA:2,(anonymous_3)
FNDA:2,(anonymous_4)
FNDA:2,(anonymous_5)
FNDA:2,(anonymous_6)
FNDA:2,(anonymous_7)
FNDA:2,(anonymous_8)
FNDA:2,(anonymous_9)
FNDA:2,(anonymous_10)
FNDA:2,(anonymous_11)
DA:1,1
DA:10,1
DA:43,1
DA:54,2
DA:55,2
DA:61,1
DA:62,1
DA:74,2
DA:75,2
DA:84,1
DA:85,1
DA:97,2
DA:98,2
DA:107,1
DA:108,1
DA:120,2
DA:121,2
DA:127,1
DA:128,1
DA:141,2
DA:142,2
DA:151,1
DA:152,1
DA:173,2
DA:174,2
DA:183,1
DA:184,1
DA:202,2
DA:203,2
DA:213,1
DA:214,1
DA:226,2
DA:227,2
DA:233,1
DA:234,1
DA:245,2
DA:246,2
DA:248,1
DA:249,1
DA:263,2
DA:264,2
DA:286,1
DA:287,1
DA:300,2
DA:301,2
DA:313,1
DA:314,1
DA:326,2
LF:48
LH:48
BRF:0
BRH:0
end_of_record
